


ARM Macro Assembler    Page 1 "Milandr MDR32F9Q2I assembler template"


    1 00000000                 TTL              "Milandr MDR32F9Q2I assembler t
emplate"
    2 00000000                 SUBT             "Copyright ¬© D.A. Zhizhelev ht
tp://gimmor.blogspot.com/"
    3 00000000         ; –ü—Ä–∏–º–µ—Ä –º–∏–Ω–∏–º–∞–ª—å–Ω–æ–≥–æ –Ω–∞—á–∞–ª—å–Ω–æ
                       –≥–æ –∞—Å—Å–µ–º–±–ª–µ—Ä–Ω–æ–≥–æ —Ñ–∞–π–ª–∞ –¥–ª—è –º–∏–∫
                       —Ä–æ–∫–æ–Ω—Ç—Ä–æ–ª–ª–µ—Ä–∞, —Å –∫–æ–º–º–µ–Ω—Ç–∞—Ä–∏—è–º–
                       ∏
    4 00000000         ; –ú–∏–∫—Ä–æ–∫–æ–Ω—Ç—Ä–æ–ª–ª–µ—Ä: –ú–∏–ª–∞–Ω–¥—Ä MDR32F9
                       Q2I, 32-–±–∏—Ç, ARM Cortex-M3
    5 00000000         ; –°–∞–π—Ç –ø—Ä–æ–∏–∑–≤–æ–¥–∏—Ç–µ–ª—è: http://milandr.ru
                       /
    6 00000000         ; –Ø–∑—ã–∫ –∞—Å—Å–µ–º–±–ª–µ—Ä–∞ - UAL –¥–ª—è –∞—Å—Å–µ–º–
                       ±–ª–µ—Ä–∞ armasm, —Å—Ä–µ–¥—ã Keil uVision v.4.
    7 00000000         ; –ú–∏–≥–∞–Ω–∏–µ —Å–≤–µ—Ç–æ–¥–∏–æ–¥–æ–º, –ø–æ–¥–∫–ª—é—á–
                       µ–Ω–Ω—ã–º –∫ –ø–æ—Ä—Ç—É PA.1
    8 00000000         ; –û—Ç–ª–∞–¥–æ—á–Ω–∞—è –ø–ª–∞—Ç–∞: MDR32-Solo, http://gi
                       mmor.blogspot.com/2013/03/mdr32-solo-mdr32f9q2i.html
    9 00000000         ; –ü—Ä–æ—Å—Ç–µ–π—à–∏–π –ø—Ä–∏–º–µ—Ä, –∫–æ–≥–¥–∞ –º–∏–∫—Ä
                       –æ–∫–æ–Ω—Ç—Ä–æ–ª–ª–µ—Ä —Ä–∞–±–æ—Ç–∞–µ—Ç –Ω–∞ –≤—Å—Ç—Ä–æ—
                       ë–Ω–Ω–æ–º 8–ú–ì—Ü RC-–≥–µ–Ω–µ—Ä–∞—Ç–æ—Ä–µ,
   10 00000000         ; –∑–∞—Ç–µ–º –≤–∫–ª—é—á–∞–µ—Ç—Å—è –≤–Ω–µ—à–Ω–∏–π –∫–≤–∞—
                       Ä—Ü–µ–≤—ã–π –≥–µ–Ω–µ—Ä–∞—Ç–æ—Ä (–≤ –º–æ—ë–º —Å–ª—É—á–∞–µ
                        12 –ú–ì—Ü)
   11 00000000         ; –°–æ–ø—É—Ç—Å—Ç–≤—É—é—â–∞—è –∑–∞–º–µ—Ç–∫–∞: http://gimm
                       or.blogspot.com/2013/03/mdr32f9q2i-arm-asm-keil-example.
                       html
   12 00000000         ; –§–∞–π–ª –ø—Ä–µ–¥–æ—Å—Ç–∞–≤–ª–µ–Ω –±–µ–∑ –∫–∞–∫–∏—Ö-–ª
                       –∏–±–æ –≥–∞—Ä–∞–Ω—Ç–∏–π, –¥–ª—è –∏–Ω—Ñ–æ—Ä–º–∞—Ü–∏–æ–Ω–Ω
                       —ã—Ö —Ü–µ–ª–µ–π. –ü—Ä–∏–º–µ–Ω–µ–Ω–∏–µ –Ω–∞ —Å–≤–æ–π —Å—Ç
                       —Ä–∞—Ö –∏ —Ä–∏—Å–∫.
   13 00000000         
   14 00000000 20000100 
                       STACK_TOP
                               EQU              0x20000100
   15 00000000         
   16 00000000         ; –û–ø—Ä–µ–¥–µ–ª–µ–Ω–∏–µ –±–∞–∑–æ–≤–æ–≥–æ –∞–¥—Ä–µ—Å–∞ –
                       ±–ª–æ–∫–∞ —É–ø—Ä–∞–≤–ª–µ–Ω–∏—è —Å–∏—Å—Ç–µ–º–æ–π SCB
   17 00000000 E000ED00 
                       MDR_SCB EQU              0xE000ED00
   18 00000000         
   19 00000000         ; –°–º–µ—â–µ–Ω–∏–µ —Ä–µ–≥–∏—Å—Ç—Ä–∞ –∏–¥–µ–Ω—Ç–∏—Ñ–∏–∫–∞
                       —Ü–∏–∏ –ø—Ä–æ—Ü–µ—Å—Å–æ—Ä–∞, –æ—Ç–Ω–æ—Å–∏—Ç–µ–ª—å–Ω–æ –∞
                       –¥—Ä–µ—Å–∞ MDR_SCB
   20 00000000         ; –†–µ–≥–∏—Å—Ç—Ä –¥–æ—Å—Ç—É–ø–µ–Ω –¥–ª—è —á—Ç–µ–Ω–∏—è
   21 00000000         ; –£ –º–∏–∫—Ä–æ–∫–æ–Ω—Ç—Ä–æ–ª–ª–µ—Ä–∞ –ú–∏–ª–∞–Ω–¥—Ä MDR
                       32F9Q2I, —Å–æ–¥–µ—Ä–∂–∏—Ç—å—Å—è –∑–Ω–∞—á–µ–Ω–∏–µ 0x412FC
                       230 - –æ–Ω–æ –æ–±—â–µ–µ –¥–ª—è —Å–µ–º–µ–π—Å—Ç–≤–∞ –º–∫ 1
                       986
   22 00000000 00000000 
                       MDR_SCB_CPUID
                               EQU              0x000
   23 00000000         
   24 00000000 412FC230 
                       MDR32F9Q2I_CPUID
                               EQU              0x412FC230  ; –ó–Ω–∞—á–µ–Ω–∏–µ 
                                                            CPUID
   25 00000000         
   26 00000000         



ARM Macro Assembler    Page 2 "Milandr MDR32F9Q2I assembler template"
"Copyright ¬© D.A. Zhizhelev http://gimmor.blogspot.com/"

   27 00000000         ; –ë–∞—Ç–∞—Ä–µ–π–Ω—ã–π –¥–æ–º–µ–Ω MDR_BKP
   28 00000000 400D8000 
                       MDR_BKP EQU              0x400D8000
   29 00000000         
   30 00000000         ; –°–º–µ—â–µ–Ω–∏—è —Ä–µ–≥–∏—Å—Ç—Ä–æ–≤ –±–∞—Ç–∞—Ä–µ–π–Ω–æ
                       –≥–æ –¥–æ–º–µ–Ω–∞
   31 00000000 00000038 
                       REG_OE  EQU              0x38
   32 00000000 0000003C 
                       REG_0F  EQU              0x3C        ; –°–æ–¥–µ—Ä–∂–∏—Ç 
                                                            –∏–Ω—Ñ–æ—Ä–º–∞—Ü–∏—
                                                            é –æ –≥–æ—Ç–æ–≤–Ω–æ
                                                            —Å—Ç–∏ –Ω–µ–∫–æ—Ç–æ
                                                            —Ä—ã—Ö —Ç–∞–∫—Ç–æ–≤
                                                            —ã—Ö –≥–µ–Ω–µ—Ä–∞—Ç
                                                            –æ—Ä–æ–≤
   33 00000000         
   34 00000000         
   35 00000000         ; –û–ø—Ä–µ–¥–µ–ª–µ–Ω–∏—è –±–ª–æ–∫–∞ —Ç–∞–∫—Ç–æ–≤—ã—Ö —á–
                       ∞—Å—Ç–æ—Ç
   36 00000000 40020000 
                       MDR_RST_CLK
                               EQU              0x40020000
   37 00000000         
   38 00000000         ; –°–º–µ—â–µ–Ω–∏—è —Ä–µ–≥–∏—Å—Ç—Ä–æ–≤
   39 00000000 00000000 
                       CLOCK_STATUS
                               EQU              0x00        ; –†–µ–≥–∏—Å—Ç—Ä —Ä
                                                            –∞–±–æ—Ç—ã –≤–Ω–µ—à
                                                            –Ω–µ–≥–æ HSE –≥–µ–Ω
                                                            –µ—Ä–∞—Ç–æ—Ä–∞, PLL
                                                            , USB PLL 
   40 00000000 00000008 
                       HS_CONTROL
                               EQU              0x08        ; –†–µ–≥–∏—Å—Ç—Ä —É
                                                            –ø—Ä–∞–≤–ª–µ–Ω–∏—è 
                                                            –≤–Ω–µ—à–Ω–∏–º HSE-
                                                            –≥–µ–Ω–µ—Ä–∞—Ç–æ—Ä–
                                                            æ–º
   41 00000000 0000001C 
                       PER_CLOCK
                               EQU              0x1C        ; –†–µ–≥–∏—Å—Ç—Ä —Ç
                                                            –∞–∫—Ç–∏—Ä–æ–≤–∞–Ω–
                                                            ∏—è –ø–µ—Ä–∏—Ñ–µ—Ä–
                                                            ∏–∏
   42 00000000 0000000C 
                       CPU_CLOCK
                               EQU              0x0C        ; –†–µ–≥–∏—Å—Ç—Ä –Ω
                                                            –∞—Å—Ç—Ä–æ–π–∫–∏ —Ç
                                                            –∞–∫—Ç–æ–≤–æ–π —á–∞
                                                            —Å—Ç–æ—Ç—ã
   43 00000000 00000004 
                       PLL_CONTROL
                               EQU              0x04        ; –†–µ–≥–∏—Å—Ç—Ä —É
                                                            –º–Ω–æ–∂–µ–Ω–∏—è —á
                                                            –∞—Å—Ç–æ—Ç—ã
   44 00000000         
   45 00000000         
   46 00000000         ; –ú–∞—Å–∫–∞ –≤–∫–ª—é—á–µ–Ω–∏—è –≤–Ω–µ—à–Ω–µ–≥–æ HSE –≥–



ARM Macro Assembler    Page 3 "Milandr MDR32F9Q2I assembler template"
"Copyright ¬© D.A. Zhizhelev http://gimmor.blogspot.com/"

                       µ–Ω–µ—Ä–∞—Ç–æ—Ä–∞
   47 00000000 00000001 
                       MDR_HSE_ON
                               EQU              0x1
   48 00000000         
   49 00000000         ; –ú–∞—Å–∫–∞ –¥–ª—è —Ä–µ–≥–∏—Å—Ç—Ä–∞ CPU_CLOCK
   50 00000000 00000102 
                       MDR_CPU_CLOCK
                               EQU              0x102
   51 00000000 00000082 
                       MDR_CPU_CLOCK_HSE
                               EQU              0x82
   52 00000000         
   53 00000000         ; –ú–∞—Å–∫–∞ –¥–ª—è —Ä–µ–≥–∏—Å—Ç—Ä–∞ PLL_CONTROL
   54 00000000         ; –°–æ—Å—Ç–æ—è–Ω–∏–µ –±–∏—Ç–æ–≤ —Å–º. —Å–ø–µ—Ü–∏—Ñ–∏–∫–∞
                       —Ü–∏—é, —Ç–∞–±–ª–∏—Ü—É 82
   55 00000000         ; 0x504 - —É–º–Ω–æ–∂–∏—Ç–µ–ª—å –Ω–∞ 5 + 1 –∏ –≤–∫–ª—é—á–
                       µ–Ω–∏
   56 00000000 00000504 
                       MDR_CPU_PLL
                               EQU              0x0504
   57 00000000 00000004 
                       MDR_ADD_PPLON
                               EQU              0x04        ; –ë–∏—Ç ‚Ññ2 - –±–
                                                            ∏—Ç –≤—ã–±–æ—Ä –∏—Å
                                                            —Ç–æ—á–Ω–∏–∫–∞ –¥–ª
                                                            —è CPU_C2
   58 00000000         
   59 00000000         ; –ú–∞—Å–∫–∏ –¥–ª—è –≤–∫–ª—é—á–µ–Ω–∏—è –ø–µ—Ä–∏—Ñ–µ—Ä–∏–
                       ∏
   60 00000000 00200000 
                       MDR_PORTA_EN
                               EQU              0x00200000  ; –ú–∞—Å–∫–∞ –≤–∫–ª
                                                            —é—á–µ–Ω–∏—è —Ç–∞–∫
                                                            —Ç–∏—Ä–æ–≤–∞–Ω–∏—è 
                                                            –ø–æ—Ä—Ç–∞ A
   61 00000000 08000000 
                       MDR_BKP_EN
                               EQU              0x08000000  ; –ú–∞—Å–∫–∞ –≤–∫–ª
                                                            —é—á–µ–Ω–∏—è —Ç–∞–∫
                                                            —Ç–∏—Ä–æ–≤–∞–Ω–∏—è 
                                                            –±–∞—Ç–∞—Ä–µ–π–Ω–æ–
                                                            ≥–æ –¥–æ–º–µ–Ω–∞
   62 00000000         
   63 00000000         
   64 00000000         
   65 00000000         ; –û–ø—Ä–µ–¥–µ–ª–µ–Ω–∏—è –ø–æ—Ä—Ç–∞ A.
   66 00000000         ; –ê–¥—Ä–µ—Å–∞ –∫–æ–Ω—Ñ–∏–≥—É—Ä–∞—Ü–∏–æ–Ω–Ω—ã—Ö —Ä–µ–≥–∏
                       —Å—Ç—Ä–æ–≤ –ø–æ—Ä—Ç–∞ A
   67 00000000 400A8000 
                       MDR_PORTA
                               EQU              0x400A8000
   68 00000000         ; –°–º–µ—â–µ–Ω–∏—è —Ä–µ–≥–∏—Å—Ç—Ä–æ–≤ –ø–æ—Ä—Ç–∞ (–ª—é–±
                       –æ–≥–æ), –æ—Ç–Ω–æ—Å–∏—Ç–µ–ª—å–Ω–æ –±–∞–∑–æ–≤–æ–≥–æ –∞–¥—
                       Ä–µ—Å–∞ 
   69 00000000 00000008 
                       PORT_FUNCTION
                               EQU              0x08
   70 00000000 0000000C 



ARM Macro Assembler    Page 4 "Milandr MDR32F9Q2I assembler template"
"Copyright ¬© D.A. Zhizhelev http://gimmor.blogspot.com/"

                       PORT_ANALOG
                               EQU              0x0C
   71 00000000 00000004 
                       PORT_OE EQU              0x04
   72 00000000 00000018 
                       PORT_PWR
                               EQU              0x18
   73 00000000 00000000 
                       PORT_RXTX
                               EQU              0x00
   74 00000000 00000014 
                       PORT_PD EQU              0x14
   75 00000000         
   76 00000000         
   77 00000000         ; –ú–∞—Å–∫–∏ –∑–Ω–∞—á–µ–Ω–∏–π –¥–ª—è –∫–æ–Ω—Ñ–∏–≥—É—Ä–∞—
                       Ü–∏–æ–Ω–Ω—ã—Ö —Ä–µ–≥–∏—Å—Ç—Ä–æ–≤ –ø–æ—Ä—Ç–∞ A.
   78 00000000         ; –ó–Ω–∞—á–µ–Ω–∏—è –∑–∞–¥–∞–¥–∏–º –≤ —à–µ—Å—Ç–Ω–∞–¥—Ü–∞—
                       Ç–µ—Ä–∏—á–Ω–æ–π —Ñ–æ—Ä–º–µ, –∏—Ö –ø–æ–ª—É—á–∏–º –∏–∑ –±–
                       ∏–Ω–∞—Ä–Ω–æ–≥–æ –ø—Ä–µ–¥—Å—Ç–∞–≤–ª–µ–Ω–∏—è —Å –ø–æ–º–æ—â
                       —å—é –∫–∞–ª—å–∫—É–ª—è—Ç–æ—Ä–∞ –≤ –æ–ø–µ—Ä–∞—Ü–∏–æ–Ω–Ω–æ–
                       π —Å–∏—Å—Ç–µ–º–µ
   79 00000000 00000000 
                       FUNC_A1 EQU              0x00        ; –†–µ–∂–∏–º –ø–æ—Ä
                                                            —Ç–∞
   80 00000000 00000002 
                       ANALOG_A1
                               EQU              0x02
   81 00000000 00000002 
                       OE_A1   EQU              0x02
   82 00000000 00000002 
                       RXTX_A1 EQU              0x02
   83 00000000 0000000C 
                       PWR_A1  EQU              0x0C        ; –ú–∞–∫—Å–∏–º–∞–ª—
                                                            å–Ω—ã–π —Ñ—Ä–æ–Ω—Ç 
                                                            
   84 00000000         
   85 00000000         
   86 00000000         ; –ú–∏–ª–∞–Ω–¥—Ä MDR32F9Q2I –∏—Å–ø–æ–ª—å–∑—É–µ—Ç –Ω–∞–±–
                       æ—Ä –∏–Ω—Å—Ç—Ä—É–∫—Ü–∏–π Thumb
   87 00000000                 THUMB
   88 00000000         ; –í—ã—Ä–∞–≤–Ω–∏–≤–∞–Ω–∏–µ –ø–æ –≥—Ä–∞–Ω–∏—Ü–µ 8 –±–∞–π—
                       Ç
   89 00000000                 PRESERVE8
   90 00000000         
   91 00000000         ; –û–ø—Ä–µ–¥–µ–ª–µ–Ω–∏–µ –∏–Ω–¥–∏–≤–∏–¥—É–∞–ª—å–Ω—ã—Ö –∏
                       –º–µ–Ω–æ–≤–∞–Ω–Ω—ã—Ö –æ–±–ª–∞—Å—Ç–µ–π –∫–æ–¥–∞
   92 00000000         ; –í –¥–∞–Ω–Ω–æ–º —Å–ª—É—á–∞–µ, –æ–ø—Ä–µ–¥–µ–ª—è–µ—Ç—Å—è
                        –æ–±–ª–∞—Å—Ç—å —Å –∏–º–µ–Ω–µ–º RESET, —Å–æ–¥–µ—Ä–∂–∞—â–
                       ∞—è –∫–æ–¥ - –∞—Ç—Ç—Ä–∏–±—É—Ç CODE, –¥–æ—Å—Ç—É–ø–Ω–∞—è —
                       Ç–æ–ª—å–∫–æ –¥–ª—è —á—Ç–µ–Ω–∏—è READONLY
   93 00000000                 AREA             RESET, CODE, READONLY
   94 00000000         
   95 00000000         ; –≠—Ç–æ —Ç–∞–±–ª–∏—Ü–∞ –∏—Å–ø–æ–ª—å–∑—É–µ–º—ã—Ö –≤–µ–∫—
                       Ç–æ—Ä–æ–≤ –ø—Ä–µ—Ä—ã–≤–∞–Ω–∏–π
   96 00000000         ;–î–∏—Ä–µ–∫—Ç–∏–≤–∞ DCD —Ä–∞–∑–º–µ—â–∞–µ—Ç –ø–∞–º—è—Ç—å,
                        –≤—ã—Ä–æ–≤–Ω–µ–Ω–Ω—É—é –ø–æ 4-–±–∞–π—Ç–Ω–æ–π –≥—Ä–∞–Ω–∏
                       —Ü–µ
   97 00000000 20000100        DCD              STACK_TOP   ; –£–∫–∞–∑–∞—Ç–µ–ª—
                                                            å –Ω–∞ –≤–µ—Ä—à–∏–Ω



ARM Macro Assembler    Page 5 "Milandr MDR32F9Q2I assembler template"
"Copyright ¬© D.A. Zhizhelev http://gimmor.blogspot.com/"

                                                            —É —Å—Ç–µ–∫–∞
   98 00000004 00000001        DCD              Start+1     ; –í–µ–∫—Ç–æ—Ä —Å–±
                                                            —Ä–æ—Å–∞
   99 00000008         
  100 00000008         
  101 00000008         
  102 00000008         
  103 00000008         ; –ù–∞—á–∞–ª–æ –ø—Ä–æ–≥—Ä–∞–º–º—ã
  104 00000008         ; –î–∏—Ä–µ–∫—Ç–∏–≤–∞ ENTRY —É–∫–∞–∑—ã–≤–∞–µ—Ç –Ω–∞ –≤—Ö–
                       æ–¥ –≤ –ø—Ä–æ–≥—Ä–∞–º–º—É. –û–±—è–∑–∞—Ç–µ–ª—å–Ω–∞
  105 00000008                 ENTRY
  106 00000008         Start   PROC
  107 00000008         
  108 00000008         ; –û–ø—Ä–µ–¥–µ–ª–∏–º –∏–¥–µ–Ω—Ç–∏—Ñ–∏–∫–∞—Ü–∏—é –ø—Ä–æ—Ü
                       –µ—Å—Å–æ—Ä–∞. –≠—Ç–æ –Ω–µ –Ω—É–∂–Ω–æ –¥–ª—è –º–æ—Ä–≥–∞–Ω
                       –∏—è —Å–≤–µ—Ç–æ–¥–∏–æ–¥–æ–º, –Ω–æ –ø—Ä–∏–≥–æ–¥–∏—Ç—å—Å—è
                        –ø—Ä–∏ –æ—Ç–ª–∞–¥–∫–µ
  109 00000008         ; –í –ø—Ä–∏–Ω—Ü–∏–ø–µ –ø—Ä–∏ –æ—Ç–ª–∞–¥–∫–µ —á–µ—Ä–µ–∑ J
                       -Link JTAG, –≤ —Ä–µ–≥–∏—Å—Ç—Ä R4 –ø–æ–ø–∞–¥–µ—Ç CPUID –Ω
                       –∞—à–µ–≥–æ –º–∏–∫—Ä–æ–∫–æ–Ω—Ç—Ä–æ–ª–ª–µ—Ä–∞
  110 00000008 F64E 5300 
              F2CE 0300        MOV32            R3, MDR_SCB
  111 00000010 681C            LDR              R4, [R3, #MDR_SCB_CPUID] ; –í —
                                                            Ä–µ–≥–∏—Å—Ç—Ä R4 –∑
                                                            –∞–Ω–æ—Å–∏–º –∑–Ω–∞
                                                            —á–µ–Ω–∏–µ —Ä–µ–≥–∏
                                                            —Å—Ç—Ä–∞ MDR_SCB_CP
                                                            UID, –∏—Å–ø. –±–∞–∑
                                                            –æ–≤—ã–π –∞–¥—Ä–µ—Å
                                                             –∏–∑ —Ä–µ–≥–∏—Å—Ç—
                                                            Ä–∞ R3
  112 00000012         
  113 00000012         ; –†–∞–±–æ—Ç–∞ —Å —Ç–∞–∫—Ç–æ–≤–æ–π –ø–æ–¥—Å–∏—Å—Ç–µ–º–æ–
                       π
  114 00000012 F240 0300 
              F2C4 0302        MOV32            R3, MDR_RST_CLK
  115 0000001A         
  116 0000001A         ; –í–∫–ª—é—á–µ–Ω–∏–µ —Ç–∞–∫—Ç–∏—Ä–æ–≤–∞–Ω–∏—è –≤—ã–±—Ä–∞
                       –Ω–Ω–æ–π –ø–µ—Ä–∏—Ñ–µ—Ä–∏–∏, –≤ —Ä–µ–≥–∏—Å—Ç—Ä–µ PER_CLO
                       CK —Ç–∞–∫—Ç–æ–≤–æ–π –ø–æ–¥—Å–∏—Å—Ç–µ–º—ã RST_CLK
  117 0000001A         ; –î–∞–Ω–Ω–∞—è –æ–ø–µ—Ä–∞—Ü–∏—è –æ–±—è–∑–∞—Ç–µ–ª—å–Ω–∞, 
                       –±–µ–∑ –Ω–µ—ë –Ω–µ —Ä–∞–±–æ—Ç–∞—é—Ç –ø–æ—Ä—Ç—ã
  118 0000001A         ; —Å–º. –¢–∞–±–ª–∏—Ü–∞ 94 —Å–ø–µ—Ü–∏—Ñ–∏–∫–∞—Ü–∏–∏
  119 0000001A 69DC            LDR              R4, [R3, #PER_CLOCK] ; MDR_RST_
                                                            CLK_PER_CLOCK
  120 0000001C F444 1400       ORR              R4, #MDR_PORTA_EN ; –í–∫–ª—é—á–
                                                            ∞–µ–º —Ç–æ–ª—å–∫–æ 
                                                            –ø–æ—Ä—Ç A
  121 00000020 F044 6400       ORR              R4, #MDR_BKP_EN ; –í–∫–ª—é—á–∞–
                                                            µ–º —Ç–∞–∫—Ç–∏—Ä–æ–
                                                            ≤–∞–Ω–∏–µ –±–∞—Ç–∞—
                                                            Ä–µ–π–Ω–æ–≥–æ –¥–æ–
                                                            º–µ–Ω–∞
  122 00000024 61DC            STR              R4, [R3, #PER_CLOCK] ; –°–æ—Ö—Ä
                                                            –∞–Ω—è–µ–º –Ω–æ–≤–æ
                                                            –µ –∑–Ω–∞—á–µ–Ω–∏–µ
                                                             —Ä–µ–≥–∏—Å—Ç—Ä–∞ R
                                                            4, –ø–æ –∞–¥—Ä–µ—Å—
                                                            É, –≤—ã—á–∏—Å–ª–µ–Ω



ARM Macro Assembler    Page 6 "Milandr MDR32F9Q2I assembler template"
"Copyright ¬© D.A. Zhizhelev http://gimmor.blogspot.com/"

                                                            –Ω–æ–º—É –∏–∑ R3 –∏
                                                             —Å–º–µ—â–µ–Ω–∏—è P
                                                            ER_CLOCK, —Ç.–µ. –≤
                                                             —Ä–µ–≥–∏—Å—Ç—Ä MDR
                                                            _RST_CLK_PER_CLOCK
  123 00000026         
  124 00000026         
  125 00000026         ; –ü–æ—Å–º–æ—Ç—Ä–∏–º, –≤–∫–ª—é—á—ë–Ω –ª–∏ –≤–Ω—É—Ç—Ä–µ–Ω
                       –Ω–∏–π HSI –≥–µ–Ω–µ—Ä–∞—Ç–æ—Ä
  126 00000026         ; –≠—Ç–∞ –ø–∞—Ä–∞ –∫–æ–º–∞–Ω–¥, —Ç–∞–∫–∂–µ –Ω–µ –Ω—É–∂–Ω
                       –∞, –¥–ª—è —Ü–µ–ª–µ–π –º–æ—Ä–≥–∞–Ω–∏—è, –Ω–æ –ø–æ–º–æ–∂–
                       µ—Ç –ø—Ä–∏ –æ—Ç–ª–∞–¥–∫–µ
  127 00000026 F248 0300 
              F2C4 030D        MOV32            R3, MDR_BKP ; –ë–∞–∑–æ–≤—ã–π –∞
                                                            –¥—Ä–µ—Å –±–∞—Ç–∞—Ä
                                                            –µ–π–Ω–æ–≥–æ –¥–æ–º
                                                            –µ–Ω–∞
  128 0000002E 6BDC            LDR              R4, [R3,#REG_0F] ; –†–µ–≥–∏—Å—Ç
                                                            —Ä —Ñ–ª–∞–≥–æ–≤ REG
                                                            _0F –±–∞—Ç–∞—Ä–µ–π–
                                                            Ω–æ–≥–æ –¥–æ–º–µ–Ω–
                                                            ∞
  129 00000030         ; –ü–æ —Ä–µ–∑—É–ª—å—Ç–∞—Ç–∞–º –ø–µ—Ä–≤–æ–≥–æ –∑–∞–ø—É—Å–
                       ∫–∞ –≤ —Ä–µ–≥–∏—Å—Ç—Ä–µ —Å–æ–¥–µ—Ä–∂–∏—Ç—Å—è 0
  130 00000030         ; –ü–æ –∏–¥–µ–µ, –¥–æ–ª–∂–µ–Ω –±—ã—Ç—å –≤–∫–ª—é—á–µ–Ω –≤
                       –Ω—É—Ç—Ä–µ–Ω–Ω–∏–π –≥–µ–Ω–µ—Ä–∞—Ç–æ—Ä, –∞ –æ–Ω –≤—ã–≥–ª—
                       è–¥–∏—Ç –≤—ã–∫–ª—é—á–µ–Ω–Ω—ã–º
  131 00000030         ; –ü—Ä–µ–¥–ø–æ–ª–æ–∂–µ–Ω–∏–µ –æ —Ç–æ–º, —á—Ç–æ –¥–æ–ª–∂–
                       Ω–∞ –±—ã—Ç—å –≤–∫–ª—é—á–µ–Ω–∞ —Ç–∞–∫—Ç–æ–≤–∞—è —á–∞—Å—Ç–
                       æ—Ç–∞ –±–∞—Ç–∞—Ä–µ–π–Ω–æ–≥–æ –¥–æ–º–µ–Ω–∞ (—á—Ç–æ–±—ã –±
                       —ã–ª–∏ –∑–Ω–∞—á–µ–Ω–∏—è) –ø–æ–¥—Ç–≤–µ—Ä–¥–∏–ª–∞—Å—å
  132 00000030         ; –ú–∞—Å–∫–∞ –≥–æ—Ç–æ–≤–Ω–æ—Å—Ç–∏ HSI - 0x00C00000 (22 –
                       ∏ 23 –±–∏—Ç—ã)
  133 00000030         ; –ú–∞—Å–∫–∞ –≤–∫–ª—é—á–µ–Ω–∏—è –±–∞—Ç–∞—Ä–µ–π–Ω–æ–≥–æ –
                       ¥–æ–º–µ–Ω–∞ 0x08000000
  134 00000030         ; –í —Ç–µ—Å—Ç–æ–≤–æ–º –ø—Ä–∏–º–µ—Ä–µ, –æ–Ω–∞ —É–∂–µ –≤–∫
                       –ª—é—á–∞–µ—Ç—Å—è
  135 00000030         
  136 00000030         
  137 00000030         ; –¢–µ–ø–µ—Ä—å –ø—Ä–µ–¥–≤–∞—Ä–∏—Ç–µ–ª—å–Ω–æ –ø–æ—Å–º–æ—Ç
                       —Ä–∏–º —Å–æ—Å—Ç–æ—è–Ω–∏–µ —Ä–µ–≥–∏—Å—Ç—Ä–∞ MDR_RST_CLK_C
                       PU_CLOCK, –æ—Ç–≤–µ—á–∞—é—â–µ–≥–æ –∑–∞ —á–∞—Å—Ç–æ—Ç—É CPU
                       
  138 00000030         ; –ì–µ–Ω–µ—Ä–∞—Ç–æ—Ä HSE –∑–∞–ø—É—Å–∫–∞–µ—Ç—Å—è –ø—Ä–∏ –
                       ø–æ—è–≤–ª–µ–Ω–∏–∏ –ø–∏—Ç–∞–Ω–∏—è UCC –∏ —Å–∏–≥–Ω–∞–ª–∞ —
                       Ä–∞–∑—Ä–µ—à–µ–Ω–∏—è HSEON –≤ —Ä–µ–≥–∏—Å—Ç—Ä–µ HS_CONTROL
                       .
  139 00000030         ; –ü—Ä–∏ –≤—ã—Ö–æ–¥–µ HSE-–≥–µ–Ω–µ—Ä–∞—Ç–æ—Ä–∞ –≤ –Ω–æ—Ä
                       –º–∞–ª—å–Ω—ã–π —Ä–µ–∂–∏–º —Ä–∞–±–æ—Ç—ã, –≤—ã—Ä–∞–±–∞—Ç—ã
                       –≤–∞–µ—Ç —Å–∏–≥–Ω–∞–ª HSERDY –≤ —Ä–µ–≥–∏—Å—Ç—Ä–µ CLOCK_S
                       TATUS.
  140 00000030         
  141 00000030         ; –†–∞–±–æ—Ç–∞ —Å —Ç–∞–∫—Ç–æ–≤–æ–π –ø–æ–¥—Å–∏—Å—Ç–µ–º–æ–
                       π
  142 00000030 F240 0300 
              F2C4 0302        MOV32            R3, MDR_RST_CLK
  143 00000038         ; –°–º–æ—Ç—Ä–∏–º –∏—Å—Ö–æ–¥–Ω–æ–µ —Å–æ—Å—Ç–æ—è–Ω–∏–µ —Ä–
                       µ–≥–∏—Å—Ç—Ä–∞  MDR_RST_CLK_CLOCK_STATUS
  144 00000038 681C            LDR              R4, [R3, #CLOCK_STATUS] ; MDR_R



ARM Macro Assembler    Page 7 "Milandr MDR32F9Q2I assembler template"
"Copyright ¬© D.A. Zhizhelev http://gimmor.blogspot.com/"

                                                            ST_CLK_CLOCK_STATUS
                                                            
  145 0000003A         ; –í–∞–∂–Ω—ã –ø–µ—Ä–≤—ã–µ 3 –±–∏—Ç–∞, 
  146 0000003A         ; –ù—É–ª–∏ —Å–≤–∏–¥–µ—Ç–µ–ª—å—Å—Ç–≤—É—é—Ç –æ —Ç–æ–º, —á—
                       Ç–æ HSE –≤—ã–∫–ª—é—á–µ–Ω, PLL –≤—ã–∫–ª—é—á–µ–Ω–∞, USB PL
                       L –≤—ã–∫–ª—é—á–µ–Ω–∞
  147 0000003A         
  148 0000003A         ; –í–∫–ª—é—á–µ–Ω–∏–µ –≤–Ω–µ—à–Ω–µ–≥–æ –∫–≤–∞—Ä—Ü–µ–≤–æ–≥
                       –æ –≥–µ–Ω–µ—Ä–∞—Ç–æ—Ä–∞
  149 0000003A 689C            LDR              R4, [R3, #HS_CONTROL] ; MDR_RST
                                                            _CLK_HS_CONTROL - –
                                                            ø—Ä–æ—Å—Ç–æ–π —Ä–µ–
                                                            ≥–∏—Å—Ç—Ä
  150 0000003C F044 0401       ORR              R4, #MDR_HSE_ON ; –ë–∏—Ç –≤–∫–ª
                                                            —é—á–µ–Ω–∏—è –≤–Ω–µ
                                                            —à–Ω–µ–≥–æ –∫–≤–∞—Ä
                                                            —Ü–µ–≤–æ–≥–æ –≥–µ–Ω
                                                            –µ—Ä–∞—Ç–æ—Ä–∞
  151 00000040 609C            STR              R4, [R3, #HS_CONTROL] ; –°–æ—Ö—
                                                            Ä–∞–Ω—è–µ–º –Ω–æ–≤–
                                                            æ–µ –∑–Ω–∞—á–µ–Ω–∏–
                                                            µ —Ä–µ–≥–∏—Å—Ç—Ä–∞ 
                                                            R4, –ø–æ –∞–¥—Ä–µ—Å
                                                            —É, –≤—ã—á–∏—Å–ª–µ–
                                                            Ω–Ω–æ–º—É –∏–∑ R3 –
                                                            ∏ —Å–º–µ—â–µ–Ω–∏—è
  152 00000042         
  153 00000042         ; –¢–µ–ø–µ—Ä—å –Ω–∞–¥–æ –ø–æ–¥–æ–∂–¥–∞—Ç—å –≤—ã—Ö–æ–¥–∞ 
                       –≥–µ–Ω–µ—Ä–∞—Ç–æ—Ä–∞ –≤ —Ä–∞–±–æ—á–∏–π —Ä–µ–∂–∏–º (–º–æ–
                       ∂–Ω–æ –ø—Ä–æ–≤–µ—Ä–∫–æ–π HSERDY)
  154 00000042 BF00            NOP
  155 00000044 BF00            NOP
  156 00000046 BF00            NOP
  157 00000048 BF00            NOP
  158 0000004A BF00            NOP
  159 0000004C BF00            NOP
  160 0000004E BF00            NOP
  161 00000050 BF00            NOP
  162 00000052 BF00            NOP
  163 00000054 BF00            NOP
  164 00000056 BF00            NOP
  165 00000058 BF00            NOP
  166 0000005A         ; –¢—É—Ç –º–æ–∂–Ω–æ –ø–æ—Å—Ç–∞–≤–∏—Ç—å —Ç–æ—á–∫—É –æ—Ç–ª
                       –∞–¥–∫–∏ –∏ –ø–æ—Å–º–æ—Ç—Ä–µ—Ç—å —Å–æ—Å—Ç–æ—è–Ω–∏–µ CLOC
                       K_STATUS
  167 0000005A 681C            LDR              R4, [R3, #CLOCK_STATUS] ; MDR_R
                                                            ST_CLK_CLOCK_STATUS
                                                            
  168 0000005C         
  169 0000005C         
  170 0000005C         
  171 0000005C         ; –†–∞–±–æ—Ç–∞–µ–º —Å —Ä–µ–≥–∏—Å—Ç—Ä–æ–º –°PU_CLOCK –ø–æ
                       –¥—Å–∏—Å—Ç–µ–º—ã —Ç–∞–∫—Ç–æ–≤–∞–Ω–∏—è RST_CLK
  172 0000005C 68DC            LDR              R4, [R3, #CPU_CLOCK] ; MDR_RST_
                                                            CLK_CPU_CLOCK
  173 0000005E F044 0482       ORR              R4, #MDR_CPU_CLOCK_HSE ; –ú–∞—Å
                                                            –∫–∞ –≤–∫–ª—é—á–µ–Ω
                                                            –∏—è HSE –≤ –∫–∞—á–
                                                            µ—Å—Ç–≤–µ —Ç–∞–∫—Ç–



ARM Macro Assembler    Page 8 "Milandr MDR32F9Q2I assembler template"
"Copyright ¬© D.A. Zhizhelev http://gimmor.blogspot.com/"

                                                            æ–≤–æ–≥–æ –≥–µ–Ω–µ—
                                                            Ä–∞—Ç–æ—Ä–∞ CPU
  174 00000062 60DC            STR              R4, [R3, #CPU_CLOCK] ; –°–æ—Ö—Ä
                                                            –∞–Ω—è–µ–º –Ω–æ–≤–æ
                                                            –µ –∑–Ω–∞—á–µ–Ω–∏–µ
                                                             —Ä–µ–≥–∏—Å—Ç—Ä–∞ R
                                                            4, –ø–æ –∞–¥—Ä–µ—Å—
                                                            É, –≤—ã—á–∏—Å–ª–µ–Ω
                                                            –Ω–æ–º—É –∏–∑ R3 –∏
                                                             —Å–º–µ—â–µ–Ω–∏—è
  175 00000064         
  176 00000064         
  177 00000064         
  178 00000064         ; –¢–µ–ø–µ—Ä—å –º–æ–∂–Ω–æ –ø—Ä–æ–≤–µ—Ä–∏—Ç—å –≤–æ–∑–º–æ–
                       ∂–Ω–æ—Å—Ç–∏ –±–ª–æ–∫–∞ PLL
  179 00000064         ; LDR R4, [R3, #PLL_CONTROL]
  180 00000064         ; ORR R4, #0x500
  181 00000064         ; ORR R4, #0x04
  182 00000064         ; STR R4, [R3, #PLL_CONTROL]
  183 00000064         ; ORR R4, #0x0C
  184 00000064         ; STR R4, [R3, #PLL_CONTROL]
  185 00000064         ; MOV R4,#0
  186 00000064         ; ORR R4, #0x500
  187 00000064         ; ORR R4, #0x04
  188 00000064         ; STR R4, [R3, #PLL_CONTROL]
  189 00000064         
  190 00000064         ;ORR R4, #MDR_CPU_PLL ; –ú–∞—Å–∫–∞ –≤–∫–ª—é—á–µ–Ω–∏—è PL
                       L –∏ –Ω–∞—Å—Ç—Ä–æ–π–∫–∏ –º–Ω–æ–∂–∏—Ç–µ–ª—è
  191 00000064         ;STR R4, [R3, #PLL_CONTROL]
  192 00000064         
  193 00000064         ; –¢–µ–ø–µ—Ä—å –¥–æ–∂–∏–¥–∞–µ–º—Å—è –≤—ã—Ö–æ–¥–∞ –Ω–∞ —É
                       —Å—Ç–æ–π—á–∏–≤—ã–π —Ä–µ–∂–∏–º PLL
  194 00000064 BF00            NOP
  195 00000066 BF00            NOP
  196 00000068 BF00            NOP
  197 0000006A BF00            NOP
  198 0000006C BF00            NOP
  199 0000006E BF00            NOP
  200 00000070 BF00            NOP
  201 00000072 BF00            NOP
  202 00000074 BF00            NOP
  203 00000076 BF00            NOP
  204 00000078 BF00            NOP
  205 0000007A BF00            NOP
  206 0000007C 681C            LDR              R4, [R3, #CLOCK_STATUS] ; MDR_R
                                                            ST_CLK_CLOCK_STATUS
                                                            
  207 0000007E         
  208 0000007E         
  209 0000007E         
  210 0000007E         ; –ò –æ–±–Ω–æ–≤–∏—Ç—å CPU_CLOCK
  211 0000007E         ; LDR R4, [R3, #CPU_CLOCK] ; MDR_RST_CLK_CPU_CLOCK
  212 0000007E         ; ORR R4, #0x106 ; –ú–∞—Å–∫–∞ –¥–æ–±–∞–≤–ª–µ–Ω–∏—è PLL
  213 0000007E         ; STR R4, [R3, #CPU_CLOCK] ; –°–æ—Ö—Ä–∞–Ω—è–µ–º –Ω–æ–≤–æ
                       –µ –∑–Ω–∞—á–µ–Ω–∏–µ —Ä–µ–≥–∏—Å—Ç—Ä–∞ R4, –ø–æ –∞–¥—Ä–µ—Å
                       —É, –≤—ã—á–∏—Å–ª–µ–Ω–Ω–æ–º—É –∏–∑ R3 –∏ —Å–º–µ—â–µ–Ω–∏—è
                       
  214 0000007E         
  215 0000007E         



ARM Macro Assembler    Page 9 "Milandr MDR32F9Q2I assembler template"
"Copyright ¬© D.A. Zhizhelev http://gimmor.blogspot.com/"

  216 0000007E BF00            NOP
  217 00000080 BF00            NOP
  218 00000082 BF00            NOP
  219 00000084 BF00            NOP
  220 00000086 BF00            NOP
  221 00000088 BF00            NOP
  222 0000008A BF00            NOP
  223 0000008C BF00            NOP
  224 0000008E BF00            NOP
  225 00000090 BF00            NOP
  226 00000092 BF00            NOP
  227 00000094 BF00            NOP
  228 00000096         
  229 00000096         
  230 00000096         
  231 00000096         
  232 00000096         
  233 00000096         
  234 00000096         ; –ù–∞—á–∞–ª—å–Ω–∞—è –∫–æ–Ω—Ñ–∏–≥—É—Ä–∞—Ü–∏—è –ª–∏–Ω–∏–∏
                        ‚Ññ1 –ø–æ—Ä—Ç–∞ A. (PA.1)
  235 00000096 F248 0300 
              F2C4 030A        MOV32            R3, MDR_PORTA ; –ó–∞–≥—Ä—É–∑–∏—
                                                            Ç—å –±–∞–∑–æ–≤—ã–π 
                                                            32-–±–∏—Ç–Ω—ã–π –∞–
                                                            ¥—Ä–µ—Å –ø–æ—Ä—Ç–∞ 
                                                            A –≤ —Ä–µ–≥–∏—Å—Ç—Ä
                                                            . –ò—Å–ø–æ–ª—å–∑—É–
                                                            µ—Ç—Å—è –ø—Å–µ–≤–¥–
                                                            æ–∏–Ω—Å—Ç—Ä—É–∫—Ü–∏
                                                            —è MOV32
  236 0000009E 689C            LDR              R4, [R3, #PORT_FUNCTION] ; –ó–∞
                                                            –≥—Ä—É–∑–∏—Ç—å –≤ —
                                                            Ä–µ–≥–∏—Å—Ç—Ä R4, –
                                                            ∑–Ω–∞—á–µ–Ω–∏–µ –∑–
                                                            ∞–¥–∞–Ω–Ω–æ–µ –±–∞–
                                                            ∑–æ–≤—ã–º –∞–¥—Ä–µ—
                                                            Å–æ–º –≤ —Ä–µ–≥–∏—Å
                                                            —Ç—Ä–µ R3 –∏ —Å–º–µ
                                                            —â–µ–Ω–∏–µ–º (0x08)
                                                            , –≤ –¥–∞–Ω–Ω–æ–º —
                                                            Å–ª—É—á–∞–µ, —Å–æ–¥
                                                            –µ—Ä–∂–∏–º–æ–µ —Ä–µ
                                                            –≥–∏—Å—Ç—Ä–∞ –ø–æ—Ä
                                                            —Ç–∞ A, MDR_PORTA_F
                                                            UNC
  237 000000A0 68DD            LDR              R5, [R3, #PORT_ANALOG] ; –ó–∞–≥
                                                            —Ä—É–∑–∏—Ç—å –≤ —Ä–
                                                            µ–≥–∏—Å—Ç—Ä R5, –∑–
                                                            Ω–∞—á–µ–Ω–∏–µ –∑–∞–
                                                            ¥–∞–Ω–Ω–æ–µ –±–∞–∑–
                                                            æ–≤—ã–º –∞–¥—Ä–µ—Å–
                                                            æ–º –≤ —Ä–µ–≥–∏—Å—Ç
                                                            —Ä–µ R3 –∏ —Å–º–µ—â
                                                            –µ–Ω–∏–µ–º (0x0C), 
                                                            –≤ –¥–∞–Ω–Ω–æ–º —Å–
                                                            ª—É—á–∞–µ, —Å–æ–¥–µ
                                                            —Ä–∂–∏–º–æ–µ —Ä–µ–≥
                                                            –∏—Å—Ç—Ä–∞ –ø–æ—Ä—Ç
                                                            –∞ A, MDR_PORTA_ANA



ARM Macro Assembler    Page 10 "Milandr MDR32F9Q2I assembler template"
"Copyright ¬© D.A. Zhizhelev http://gimmor.blogspot.com/"

                                                            LOG
  238 000000A2 685E            LDR              R6, [R3, #PORT_OE] ; –ó–∞–≥—Ä—É
                                                            –∑–∏—Ç—å –≤ —Ä–µ–≥–
                                                            ∏—Å—Ç—Ä R6, –∑–Ω–∞—
                                                            á–µ–Ω–∏–µ –∑–∞–¥–∞–
                                                            Ω–Ω–æ–µ –±–∞–∑–æ–≤—
                                                            ã–º –∞–¥—Ä–µ—Å–æ–º 
                                                            –≤ —Ä–µ–≥–∏—Å—Ç—Ä–µ
                                                             R3 –∏ —Å–º–µ—â–µ–Ω
                                                            –∏–µ–º (0x04), –≤ –
                                                            ¥–∞–Ω–Ω–æ–º —Å–ª—É—
                                                            á–∞–µ, —Å–æ–¥–µ—Ä–∂
                                                            –∏–º–æ–µ —Ä–µ–≥–∏—Å
                                                            —Ç—Ä–∞ –ø–æ—Ä—Ç–∞ A
                                                            , MDR_PORTA_OE
  239 000000A4 699F            LDR              R7, [R3, #PORT_PWR] ; –ó–∞–≥—Ä—
                                                            É–∑–∏—Ç—å –≤ —Ä–µ–≥
                                                            –∏—Å—Ç—Ä R7, –∑–Ω–∞
                                                            —á–µ–Ω–∏–µ –∑–∞–¥–∞
                                                            –Ω–Ω–æ–µ –±–∞–∑–æ–≤
                                                            —ã–º –∞–¥—Ä–µ—Å–æ–º
                                                             –≤ —Ä–µ–≥–∏—Å—Ç—Ä–
                                                            µ R3 –∏ —Å–º–µ—â–µ–
                                                            Ω–∏–µ–º (0x18), –≤ 
                                                            –¥–∞–Ω–Ω–æ–º —Å–ª—É
                                                            —á–∞–µ, —Å–æ–¥–µ—Ä–
                                                            ∂–∏–º–æ–µ —Ä–µ–≥–∏—
                                                            Å—Ç—Ä–∞ –ø–æ—Ä—Ç–∞ 
                                                            A, MDR_PORTA_OE
  240 000000A6         
  241 000000A6         ; –ù–∞–ª–æ–∂–µ–Ω–∏–µ –º–∞—Å–æ–∫
  242 000000A6 F044 0400       ORR              R4, #FUNC_A1
  243 000000AA F045 0502       ORR              R5, #ANALOG_A1
  244 000000AE F046 0602       ORR              R6, #OE_A1
  245 000000B2 F047 070C       ORR              R7, #PWR_A1
  246 000000B6         
  247 000000B6         ; –í—ã–≥—Ä—É–∑–∫–∞ –∑–Ω–∞—á–µ–Ω–∏–π —Ä–µ–≥–∏—Å—Ç—Ä–æ–≤ –
                       æ–±—â–µ–≥–æ –Ω–∞–∑–Ω–∞—á–µ–Ω–∏—è, –≤ –ø–∞–º—è—Ç—å —Ä–µ–≥
                       –∏—Å—Ç—Ä–æ–≤ –ø–æ—Ä—Ç–∞
  248 000000B6 609C            STR              R4, [R3, #PORT_FUNCTION] ; –í—ã
                                                            –≥—Ä—É–∑–∏—Ç—å –∏–∑
                                                             —Ä–µ–≥–∏—Å—Ç—Ä–∞ R
                                                            4, –≤ –ø–∞–º—è—Ç—å 
                                                            —Å –∞–¥—Ä–µ—Å–æ–º, 
                                                            –∑–Ω–∞—á–µ–Ω–∏–µ –∫
                                                            –æ—Ç–æ—Ä–æ–≥–æ –∑–∞
                                                            –¥–∞–Ω–æ –±–∞–∑–æ–≤
                                                            —ã–º –∞–¥—Ä–µ—Å–æ–º
                                                             –≤ —Ä–µ–≥–∏—Å—Ç—Ä–
                                                            µ R3 –∏ —Å–º–µ—â–µ–
                                                            Ω–∏–µ–º (0x08), –≤ 
                                                            –¥–∞–Ω–Ω–æ–º —Å–ª—É
                                                            —á–∞–µ, —Å–æ–¥–µ—Ä–
                                                            ∂–∏–º–æ–µ —Ä–µ–≥–∏—
                                                            Å—Ç—Ä–∞ –ø–æ—Ä—Ç–∞ 
                                                            A, MDR_PORTA_FUNC
  249 000000B8 60DD            STR              R5, [R3, #PORT_ANALOG] ; –í—ã–≥
                                                            —Ä—É–∑–∏—Ç—å –∏–∑ —
                                                            Ä–µ–≥–∏—Å—Ç—Ä–∞ R5,



ARM Macro Assembler    Page 11 "Milandr MDR32F9Q2I assembler template"
"Copyright ¬© D.A. Zhizhelev http://gimmor.blogspot.com/"

                                                             –≤ –ø–∞–º—è—Ç—å —Å
                                                             –∞–¥—Ä–µ—Å–æ–º, –∑
                                                            –Ω–∞—á–µ–Ω–∏–µ –∫–æ
                                                            —Ç–æ—Ä–æ–≥–æ –∑–∞–¥
                                                            –∞–Ω–æ –±–∞–∑–æ–≤—ã
                                                            –º –∞–¥—Ä–µ—Å–æ–º –
                                                            ≤ —Ä–µ–≥–∏—Å—Ç—Ä–µ 
                                                            R3 –∏ —Å–º–µ—â–µ–Ω–
                                                            ∏–µ–º (0x0C), –≤ –¥
                                                            –∞–Ω–Ω–æ–º —Å–ª—É—á
                                                            –∞–µ, —Å–æ–¥–µ—Ä–∂–
                                                            ∏–º–æ–µ —Ä–µ–≥–∏—Å—
                                                            Ç—Ä–∞ –ø–æ—Ä—Ç–∞ A,
                                                             MDR_PORTA_ANALOG
  250 000000BA 619F            STR              R7, [R3, #PORT_PWR] ; –í—ã–≥—Ä—
                                                            É–∑–∏—Ç—å –∏–∑ —Ä–µ
                                                            –≥–∏—Å—Ç—Ä–∞ R6, –≤
                                                             –ø–∞–º—è—Ç—å —Å –∞
                                                            –¥—Ä–µ—Å–æ–º, –∑–Ω–
                                                            ∞—á–µ–Ω–∏–µ –∫–æ—Ç–
                                                            æ—Ä–æ–≥–æ –∑–∞–¥–∞–
                                                            Ω–æ –±–∞–∑–æ–≤—ã–º 
                                                            –∞–¥—Ä–µ—Å–æ–º –≤ —
                                                            Ä–µ–≥–∏—Å—Ç—Ä–µ R3 
                                                            –∏ —Å–º–µ—â–µ–Ω–∏–µ
                                                            –º (0x04), –≤ –¥–∞–
                                                            Ω–Ω–æ–º —Å–ª—É—á–∞–
                                                            µ, —Å–æ–¥–µ—Ä–∂–∏–º
                                                            –æ–µ —Ä–µ–≥–∏—Å—Ç—Ä
                                                            –∞ –ø–æ—Ä—Ç–∞ A, MD
                                                            R_PORTA_OE
  251 000000BC 605E            STR              R6, [R3, #PORT_OE] ; –í—ã–≥—Ä—É
                                                            –∑–∏—Ç—å –∏–∑ —Ä–µ–
                                                            ≥–∏—Å—Ç—Ä–∞ R6, –≤ 
                                                            –ø–∞–º—è—Ç—å —Å –∞–
                                                            ¥—Ä–µ—Å–æ–º, –∑–Ω–∞
                                                            —á–µ–Ω–∏–µ –∫–æ—Ç–æ
                                                            —Ä–æ–≥–æ –∑–∞–¥–∞–Ω
                                                            –æ –±–∞–∑–æ–≤—ã–º –
                                                            ∞–¥—Ä–µ—Å–æ–º –≤ —Ä
                                                            –µ–≥–∏—Å—Ç—Ä–µ R3 –
                                                            ∏ —Å–º–µ—â–µ–Ω–∏–µ–
                                                            º (0x04), –≤ –¥–∞–Ω
                                                            –Ω–æ–º —Å–ª—É—á–∞–µ
                                                            , —Å–æ–¥–µ—Ä–∂–∏–º–
                                                            æ–µ —Ä–µ–≥–∏—Å—Ç—Ä–
                                                            ∞ –ø–æ—Ä—Ç–∞ A, MDR
                                                            _PORTA_OE
  252 000000BE         
  253 000000BE         
  254 000000BE         ; –ü—Ä–æ—Å–º–æ—Ç—Ä —Å–æ—Å—Ç–æ—è–Ω–∏—è
  255 000000BE 689C            LDR              R4, [R3, #PORT_FUNCTION] ; –ó–∞
                                                            –≥—Ä—É–∑–∏—Ç—å –≤ —
                                                            Ä–µ–≥–∏—Å—Ç—Ä R4, –
                                                            ∑–Ω–∞—á–µ–Ω–∏–µ –∑–
                                                            ∞–¥–∞–Ω–Ω–æ–µ –±–∞–
                                                            ∑–æ–≤—ã–º –∞–¥—Ä–µ—
                                                            Å–æ–º –≤ —Ä–µ–≥–∏—Å
                                                            —Ç—Ä–µ R3 –∏ —Å–º–µ



ARM Macro Assembler    Page 12 "Milandr MDR32F9Q2I assembler template"
"Copyright ¬© D.A. Zhizhelev http://gimmor.blogspot.com/"

                                                            —â–µ–Ω–∏–µ–º (0x08)
                                                            , –≤ –¥–∞–Ω–Ω–æ–º —
                                                            Å–ª—É—á–∞–µ, —Å–æ–¥
                                                            –µ—Ä–∂–∏–º–æ–µ —Ä–µ
                                                            –≥–∏—Å—Ç—Ä–∞ –ø–æ—Ä
                                                            —Ç–∞ A, MDR_PORTA_F
                                                            UNC
  256 000000C0 68DD            LDR              R5, [R3, #PORT_ANALOG] ; –ó–∞–≥
                                                            —Ä—É–∑–∏—Ç—å –≤ —Ä–
                                                            µ–≥–∏—Å—Ç—Ä R5, –∑–
                                                            Ω–∞—á–µ–Ω–∏–µ –∑–∞–
                                                            ¥–∞–Ω–Ω–æ–µ –±–∞–∑–
                                                            æ–≤—ã–º –∞–¥—Ä–µ—Å–
                                                            æ–º –≤ —Ä–µ–≥–∏—Å—Ç
                                                            —Ä–µ R3 –∏ —Å–º–µ—â
                                                            –µ–Ω–∏–µ–º (0x0C), 
                                                            –≤ –¥–∞–Ω–Ω–æ–º —Å–
                                                            ª—É—á–∞–µ, —Å–æ–¥–µ
                                                            —Ä–∂–∏–º–æ–µ —Ä–µ–≥
                                                            –∏—Å—Ç—Ä–∞ –ø–æ—Ä—Ç
                                                            –∞ A, MDR_PORTA_ANA
                                                            LOG
  257 000000C2 685E            LDR              R6, [R3, #PORT_OE] ; –ó–∞–≥—Ä—É
                                                            –∑–∏—Ç—å –≤ —Ä–µ–≥–
                                                            ∏—Å—Ç—Ä R6, –∑–Ω–∞—
                                                            á–µ–Ω–∏–µ –∑–∞–¥–∞–
                                                            Ω–Ω–æ–µ –±–∞–∑–æ–≤—
                                                            ã–º –∞–¥—Ä–µ—Å–æ–º 
                                                            –≤ —Ä–µ–≥–∏—Å—Ç—Ä–µ
                                                             R3 –∏ —Å–º–µ—â–µ–Ω
                                                            –∏–µ–º (0x04), –≤ –
                                                            ¥–∞–Ω–Ω–æ–º —Å–ª—É—
                                                            á–∞–µ, —Å–æ–¥–µ—Ä–∂
                                                            –∏–º–æ–µ —Ä–µ–≥–∏—Å
                                                            —Ç—Ä–∞ –ø–æ—Ä—Ç–∞ A
                                                            , MDR_PORTA_OE
  258 000000C4 699F            LDR              R7, [R3, #PORT_PWR] ; –ó–∞–≥—Ä—
                                                            É–∑–∏—Ç—å –≤ —Ä–µ–≥
                                                            –∏—Å—Ç—Ä R7, –∑–Ω–∞
                                                            —á–µ–Ω–∏–µ –∑–∞–¥–∞
                                                            –Ω–Ω–æ–µ –±–∞–∑–æ–≤
                                                            —ã–º –∞–¥—Ä–µ—Å–æ–º
                                                             –≤ —Ä–µ–≥–∏—Å—Ç—Ä–
                                                            µ R3 –∏ —Å–º–µ—â–µ–
                                                            Ω–∏–µ–º (0x18), –≤ 
                                                            –¥–∞–Ω–Ω–æ–º —Å–ª—É
                                                            —á–∞–µ, —Å–æ–¥–µ—Ä–
                                                            ∂–∏–º–æ–µ —Ä–µ–≥–∏—
                                                            Å—Ç—Ä–∞ –ø–æ—Ä—Ç–∞ 
                                                            A, MDR_PORTA_OE
  259 000000C6         
  260 000000C6         ; –ë–µ—Å–∫–æ–Ω–µ—á–Ω—ã–π —Ü–∏–∫–ª - –º–æ—Ä–≥–∞–Ω–∏–µ —Å–
                       ≤–µ—Ç–æ–¥–∏–æ–¥–æ–º
  261 000000C6         loop
  262 000000C6         ; –£—Å—Ç–∞–Ω–æ–≤–∏—Ç—å –ª–∏–Ω–∏—é –≤ –ª–æ–≥. 0 - –≤ –º–æ
                       —ë–º —Å–ª—É—á–∞–µ –≤–∫–ª—é—á–∏—Ç—å —Å–≤–µ—Ç–æ–¥–∏–æ–¥
  263 000000C6 681C            LDR              R4, [R3, #PORT_RXTX] ; –ó–∞–≥—Ä
                                                            —É–∑–∏—Ç—å –≤ —Ä–µ–
                                                            ≥–∏—Å—Ç—Ä R4, –∑–Ω–



ARM Macro Assembler    Page 13 "Milandr MDR32F9Q2I assembler template"
"Copyright ¬© D.A. Zhizhelev http://gimmor.blogspot.com/"

                                                            ∞—á–µ–Ω–∏–µ –∑–∞–¥–
                                                            ∞–Ω–Ω–æ–µ –±–∞–∑–æ–
                                                            ≤—ã–º –∞–¥—Ä–µ—Å–æ–
                                                            º –≤ —Ä–µ–≥–∏—Å—Ç—Ä
                                                            –µ R3 –∏ —Å–º–µ—â–µ
                                                            –Ω–∏–µ–º (PORT_RXTX
                                                            ), –≤ –¥–∞–Ω–Ω–æ–º 
                                                            —Å–ª—É—á–∞–µ, —Å–æ–
                                                            ¥–µ—Ä–∂–∏–º–æ–µ —Ä–
                                                            µ–≥–∏—Å—Ç—Ä–∞ –ø–æ—
                                                            Ä—Ç–∞ A, MDR_PORTA_
                                                            RXTX
  264 000000C8 F024 0402       BIC              R4, #RXTX_A1 ; –°–±—Ä–æ—Å –±–∏—
                                                            Ç–∞ –ø–æ –º–∞—Å–∫–µ
                                                            
  265 000000CC 601C            STR              R4, [R3, #PORT_RXTX] ; –í—ã–≥—Ä
                                                            —É–∑–∏—Ç—å –∏–∑ —Ä–
                                                            µ–≥–∏—Å—Ç—Ä–∞ R4, –
                                                            ≤ –ø–∞–º—è—Ç—å —Å –
                                                            ∞–¥—Ä–µ—Å–æ–º, –∑–Ω
                                                            –∞—á–µ–Ω–∏–µ –∫–æ—Ç
                                                            –æ—Ä–æ–≥–æ –∑–∞–¥–∞
                                                            –Ω–æ –±–∞–∑–æ–≤—ã–º
                                                             –∞–¥—Ä–µ—Å–æ–º –≤ 
                                                            —Ä–µ–≥–∏—Å—Ç—Ä–µ R3
                                                             –∏ —Å–º–µ—â–µ–Ω–∏–
                                                            µ–º 0x00
  266 000000CE 681C            LDR              R4, [R3, #PORT_RXTX] ; –ó–∞–≥—Ä
                                                            —É–∑–∏—Ç—å –≤ —Ä–µ–
                                                            ≥–∏—Å—Ç—Ä R4, –∑–Ω–
                                                            ∞—á–µ–Ω–∏–µ –∑–∞–¥–
                                                            ∞–Ω–Ω–æ–µ –±–∞–∑–æ–
                                                            ≤—ã–º –∞–¥—Ä–µ—Å–æ–
                                                            º –≤ —Ä–µ–≥–∏—Å—Ç—Ä
                                                            –µ R3 –∏ —Å–º–µ—â–µ
                                                            –Ω–∏–µ–º (PORT_RXTX
                                                            ), –≤ –¥–∞–Ω–Ω–æ–º 
                                                            —Å–ª—É—á–∞–µ, —Å–æ–
                                                            ¥–µ—Ä–∂–∏–º–æ–µ —Ä–
                                                            µ–≥–∏—Å—Ç—Ä–∞ –ø–æ—
                                                            Ä—Ç–∞ A, MDR_PORTA_
                                                            RXTX
  267 000000D0         
  268 000000D0         ; –ü–∞—É–∑–∞
  269 000000D0 F248 4080 
              F2C0 001E        MOV32            R0, 2000000 ; 8000000 –°—á—ë—Ç
  270 000000D8         
  271 000000D8         delay
  272 000000D8         
  273 000000D8 F1A0 0001       SUB              R0, #1      ; –î–µ–∫—Ä–µ–º–µ–Ω—
                                                            Ç, —Ä–µ–∑—É–ª—å—Ç–∞
                                                            —Ç —Å–æ—Ö—Ä–∞–Ω—è–µ
                                                            —Ç—Å—è –≤ R0
  274 000000DC 2800            CMP              R0, #0      ; –°—Ä–∞–≤–Ω–µ–Ω–∏–
                                                            µ —Å 0
  275 000000DE D1FB            BNE              delay       ; –ï—Å–ª–∏ –Ω–µ —Ä–
                                                            ∞–≤–Ω–æ 0, —Ç–æ –ø—
                                                            Ä–æ–¥–æ–ª–∂–∞–µ–º –
                                                            ¥–µ—Ä–∂–∞—Ç—å –ø–∞—



ARM Macro Assembler    Page 14 "Milandr MDR32F9Q2I assembler template"
"Copyright ¬© D.A. Zhizhelev http://gimmor.blogspot.com/"

                                                            É–∑—É
  276 000000E0         
  277 000000E0         ; –£—Å—Ç–∞–Ω–æ–≤–∏—Ç—å –ª–∏–Ω–∏—é –≤ –ª–æ–≥. 1 - –≤ –º–æ
                       –µ–º —Å–ª—É—á–∞–µ –≤—ã–∫–ª—é—á–∏—Ç—å —Å–≤–µ—Ç–æ–¥–∏–æ–¥
  278 000000E0 681C            LDR              R4, [R3, #PORT_RXTX] ; –ó–∞–≥—Ä
                                                            —É–∑–∏—Ç—å –≤ —Ä–µ–
                                                            ≥–∏—Å—Ç—Ä R4, –∑–Ω–
                                                            ∞—á–µ–Ω–∏–µ –∑–∞–¥–
                                                            ∞–Ω–Ω–æ–µ –±–∞–∑–æ–
                                                            ≤—ã–º –∞–¥—Ä–µ—Å–æ–
                                                            º –≤ —Ä–µ–≥–∏—Å—Ç—Ä
                                                            –µ R3 –∏ —Å–º–µ—â–µ
                                                            –Ω–∏–µ–º (PORT_RXTX
                                                            ), –≤ –¥–∞–Ω–Ω–æ–º 
                                                            —Å–ª—É—á–∞–µ, —Å–æ–
                                                            ¥–µ—Ä–∂–∏–º–æ–µ —Ä–
                                                            µ–≥–∏—Å—Ç—Ä–∞ –ø–æ—
                                                            Ä—Ç–∞ A, MDR_PORTA_
                                                            RXTX
  279 000000E2 F044 0402       ORR              R4, #RXTX_A1 ; –û–ø–µ—Ä–∞—Ü–∏—è
                                                             –ò–õ–ò –ø–æ –º–∞—Å
                                                            –∫–µ RXTX_A1
  280 000000E6 601C            STR              R4, [R3, #PORT_RXTX] ; –í—ã–≥—Ä
                                                            —É–∑–∏—Ç—å –∏–∑ —Ä–
                                                            µ–≥–∏—Å—Ç—Ä–∞ R4, –
                                                            ≤ –ø–∞–º—è—Ç—å —Å –
                                                            ∞–¥—Ä–µ—Å–æ–º, –∑–Ω
                                                            –∞—á–µ–Ω–∏–µ –∫–æ—Ç
                                                            –æ—Ä–æ–≥–æ –∑–∞–¥–∞
                                                            –Ω–æ –±–∞–∑–æ–≤—ã–º
                                                             –∞–¥—Ä–µ—Å–æ–º –≤ 
                                                            —Ä–µ–≥–∏—Å—Ç—Ä–µ R3
                                                             –∏ —Å–º–µ—â–µ–Ω–∏–
                                                            µ–º PORT_RXTX
  281 000000E8         
  282 000000E8         ; –ü–∞—É–∑–∞
  283 000000E8 F248 4080 
              F2C0 001E        MOV32            R0, 2000000 ; 8000000 –ì—Ü / 4 
                                                            —Ç–∞–∫—Ç–∞
  284 000000F0         
  285 000000F0         delay2
  286 000000F0         
  287 000000F0 F1A0 0001       SUB              R0, #1      ; –î–µ–∫—Ä–µ–º–µ–Ω—
                                                            Ç, —Ä–µ–∑—É–ª—å—Ç–∞
                                                            —Ç —Å–æ—Ö—Ä–∞–Ω—è–µ
                                                            —Ç—Å—è –≤ R0
  288 000000F4 2800            CMP              R0, #0      ; –°—Ä–∞–≤–Ω–µ–Ω–∏–
                                                            µ —Å 0
  289 000000F6 D1FB            BNE              delay2      ; –ï—Å–ª–∏ –Ω–µ —Ä–
                                                            ∞–≤–Ω–æ 0, —Ç–æ –ø—
                                                            Ä–æ–¥–æ–ª–∂–∞–µ–º –
                                                            ¥–µ—Ä–∂–∞—Ç—å –ø–∞—
                                                            É–∑—É
  290 000000F8         
  291 000000F8         
  292 000000F8 E7E5            B                loop
  293 000000FA         
  294 000000FA         
  295 000000FA         ; –ö–æ–Ω–µ—Ü –ø—Ä–æ–≥—Ä–∞–º–º—ã



ARM Macro Assembler    Page 15 "Milandr MDR32F9Q2I assembler template"
"Copyright ¬© D.A. Zhizhelev http://gimmor.blogspot.com/"

  296 000000FA                 ENDP
  297 000000FA         
  298 000000FA         ; –î–∏—Ä–µ–∫—Ç–∏–≤–∞ END - –ö–æ–Ω–µ—Ü —Ñ–∞–π–ª–∞. –û–±—è
                       –∑–∞—Ç–µ–ª—å–Ω–∞
  299 000000FA                 END
Command Line: --debug --xref --cpu=Cortex-M3 --apcs=interwork --depend=mdr32led
.d -omdr32led.o -IC:\Keil\ARM\RV31\INC -IC:\Keil\ARM\CMSIS\Include -IC:\Keil\AR
M\Inc\Milandr\MDR32F9x --list=mdr32led.lst mdr32led.asm



ARM Macro Assembler    Page 1 Alphabetic symbol ordering
Relocatable symbols

RESET 00000000

Symbol: RESET
   Definitions
      At line 93 in file mdr32led.asm
   Uses
      None
Comment: RESET unused
Start 00000008

Symbol: Start
   Definitions
      At line 106 in file mdr32led.asm
   Uses
      At line 98 in file mdr32led.asm
Comment: Start used once
delay 000000D8

Symbol: delay
   Definitions
      At line 271 in file mdr32led.asm
   Uses
      At line 275 in file mdr32led.asm
Comment: delay used once
delay2 000000F0

Symbol: delay2
   Definitions
      At line 285 in file mdr32led.asm
   Uses
      At line 289 in file mdr32led.asm
Comment: delay2 used once
loop 000000C6

Symbol: loop
   Definitions
      At line 261 in file mdr32led.asm
   Uses
      At line 292 in file mdr32led.asm
Comment: loop used once
5 symbols



ARM Macro Assembler    Page 1 Alphabetic symbol ordering
Absolute symbols

ANALOG_A1 00000002

Symbol: ANALOG_A1
   Definitions
      At line 80 in file mdr32led.asm
   Uses
      At line 243 in file mdr32led.asm
Comment: ANALOG_A1 used once
CLOCK_STATUS 00000000

Symbol: CLOCK_STATUS
   Definitions
      At line 39 in file mdr32led.asm
   Uses
      At line 144 in file mdr32led.asm
      At line 167 in file mdr32led.asm
      At line 206 in file mdr32led.asm

CPU_CLOCK 0000000C

Symbol: CPU_CLOCK
   Definitions
      At line 42 in file mdr32led.asm
   Uses
      At line 172 in file mdr32led.asm
      At line 174 in file mdr32led.asm

FUNC_A1 00000000

Symbol: FUNC_A1
   Definitions
      At line 79 in file mdr32led.asm
   Uses
      At line 242 in file mdr32led.asm
Comment: FUNC_A1 used once
HS_CONTROL 00000008

Symbol: HS_CONTROL
   Definitions
      At line 40 in file mdr32led.asm
   Uses
      At line 149 in file mdr32led.asm
      At line 151 in file mdr32led.asm

MDR32F9Q2I_CPUID 412FC230

Symbol: MDR32F9Q2I_CPUID
   Definitions
      At line 24 in file mdr32led.asm
   Uses
      None
Comment: MDR32F9Q2I_CPUID unused
MDR_ADD_PPLON 00000004

Symbol: MDR_ADD_PPLON
   Definitions
      At line 57 in file mdr32led.asm
   Uses
      None



ARM Macro Assembler    Page 2 Alphabetic symbol ordering
Absolute symbols

Comment: MDR_ADD_PPLON unused
MDR_BKP 400D8000

Symbol: MDR_BKP
   Definitions
      At line 28 in file mdr32led.asm
   Uses
      At line 127 in file mdr32led.asm
Comment: MDR_BKP used once
MDR_BKP_EN 08000000

Symbol: MDR_BKP_EN
   Definitions
      At line 61 in file mdr32led.asm
   Uses
      At line 121 in file mdr32led.asm
Comment: MDR_BKP_EN used once
MDR_CPU_CLOCK 00000102

Symbol: MDR_CPU_CLOCK
   Definitions
      At line 50 in file mdr32led.asm
   Uses
      None
Comment: MDR_CPU_CLOCK unused
MDR_CPU_CLOCK_HSE 00000082

Symbol: MDR_CPU_CLOCK_HSE
   Definitions
      At line 51 in file mdr32led.asm
   Uses
      At line 173 in file mdr32led.asm
Comment: MDR_CPU_CLOCK_HSE used once
MDR_CPU_PLL 00000504

Symbol: MDR_CPU_PLL
   Definitions
      At line 56 in file mdr32led.asm
   Uses
      None
Comment: MDR_CPU_PLL unused
MDR_HSE_ON 00000001

Symbol: MDR_HSE_ON
   Definitions
      At line 47 in file mdr32led.asm
   Uses
      At line 150 in file mdr32led.asm
Comment: MDR_HSE_ON used once
MDR_PORTA 400A8000

Symbol: MDR_PORTA
   Definitions
      At line 67 in file mdr32led.asm
   Uses
      At line 235 in file mdr32led.asm
Comment: MDR_PORTA used once
MDR_PORTA_EN 00200000




ARM Macro Assembler    Page 3 Alphabetic symbol ordering
Absolute symbols

Symbol: MDR_PORTA_EN
   Definitions
      At line 60 in file mdr32led.asm
   Uses
      At line 120 in file mdr32led.asm
Comment: MDR_PORTA_EN used once
MDR_RST_CLK 40020000

Symbol: MDR_RST_CLK
   Definitions
      At line 36 in file mdr32led.asm
   Uses
      At line 114 in file mdr32led.asm
      At line 142 in file mdr32led.asm

MDR_SCB E000ED00

Symbol: MDR_SCB
   Definitions
      At line 17 in file mdr32led.asm
   Uses
      At line 110 in file mdr32led.asm
Comment: MDR_SCB used once
MDR_SCB_CPUID 00000000

Symbol: MDR_SCB_CPUID
   Definitions
      At line 22 in file mdr32led.asm
   Uses
      At line 111 in file mdr32led.asm
Comment: MDR_SCB_CPUID used once
OE_A1 00000002

Symbol: OE_A1
   Definitions
      At line 81 in file mdr32led.asm
   Uses
      At line 244 in file mdr32led.asm
Comment: OE_A1 used once
PER_CLOCK 0000001C

Symbol: PER_CLOCK
   Definitions
      At line 41 in file mdr32led.asm
   Uses
      At line 119 in file mdr32led.asm
      At line 122 in file mdr32led.asm

PLL_CONTROL 00000004

Symbol: PLL_CONTROL
   Definitions
      At line 43 in file mdr32led.asm
   Uses
      None
Comment: PLL_CONTROL unused
PORT_ANALOG 0000000C

Symbol: PORT_ANALOG



ARM Macro Assembler    Page 4 Alphabetic symbol ordering
Absolute symbols

   Definitions
      At line 70 in file mdr32led.asm
   Uses
      At line 237 in file mdr32led.asm
      At line 249 in file mdr32led.asm
      At line 256 in file mdr32led.asm

PORT_FUNCTION 00000008

Symbol: PORT_FUNCTION
   Definitions
      At line 69 in file mdr32led.asm
   Uses
      At line 236 in file mdr32led.asm
      At line 248 in file mdr32led.asm
      At line 255 in file mdr32led.asm

PORT_OE 00000004

Symbol: PORT_OE
   Definitions
      At line 71 in file mdr32led.asm
   Uses
      At line 238 in file mdr32led.asm
      At line 251 in file mdr32led.asm
      At line 257 in file mdr32led.asm

PORT_PD 00000014

Symbol: PORT_PD
   Definitions
      At line 74 in file mdr32led.asm
   Uses
      None
Comment: PORT_PD unused
PORT_PWR 00000018

Symbol: PORT_PWR
   Definitions
      At line 72 in file mdr32led.asm
   Uses
      At line 239 in file mdr32led.asm
      At line 250 in file mdr32led.asm
      At line 258 in file mdr32led.asm

PORT_RXTX 00000000

Symbol: PORT_RXTX
   Definitions
      At line 73 in file mdr32led.asm
   Uses
      At line 263 in file mdr32led.asm
      At line 265 in file mdr32led.asm
      At line 266 in file mdr32led.asm
      At line 278 in file mdr32led.asm
      At line 280 in file mdr32led.asm

PWR_A1 0000000C




ARM Macro Assembler    Page 5 Alphabetic symbol ordering
Absolute symbols

Symbol: PWR_A1
   Definitions
      At line 83 in file mdr32led.asm
   Uses
      At line 245 in file mdr32led.asm
Comment: PWR_A1 used once
REG_0F 0000003C

Symbol: REG_0F
   Definitions
      At line 32 in file mdr32led.asm
   Uses
      At line 128 in file mdr32led.asm
Comment: REG_0F used once
REG_OE 00000038

Symbol: REG_OE
   Definitions
      At line 31 in file mdr32led.asm
   Uses
      None
Comment: REG_OE unused
RXTX_A1 00000002

Symbol: RXTX_A1
   Definitions
      At line 82 in file mdr32led.asm
   Uses
      At line 264 in file mdr32led.asm
      At line 279 in file mdr32led.asm

STACK_TOP 20000100

Symbol: STACK_TOP
   Definitions
      At line 14 in file mdr32led.asm
   Uses
      At line 97 in file mdr32led.asm
Comment: STACK_TOP used once
32 symbols
367 symbols in table
